2015/08/19 21:35:35 [error] [system.db.CDbCommand] CDbCommand::fetchAll() failed: SQLSTATE[42S02]: Base table or view not found: 1146 Table 'sitter.users' doesn't exist. The SQL statement executed was: SHOW FULL COLUMNS FROM `users`.
in /var/www/html/index.php (13)
2015/08/25 20:05:26 [error] [exception.CHttpException.403] exception 'CHttpException' with message 'You are not authorized to perform this action.' in /var/www/yii/framework/web/auth/CAccessControlFilter.php:182
Stack trace:
#0 /var/www/yii/framework/web/auth/CAccessControlFilter.php(145): CAccessControlFilter->accessDenied(Object(CWebUser), 'You are not aut...')
#1 /var/www/yii/framework/web/filters/CFilter.php(38): CAccessControlFilter->preFilter(Object(CFilterChain))
#2 /var/www/yii/framework/web/CController.php(1145): CFilter->filter(Object(CFilterChain))
#3 /var/www/yii/framework/web/filters/CInlineFilter.php(58): CController->filterAccessControl(Object(CFilterChain))
#4 /var/www/yii/framework/web/filters/CFilterChain.php(130): CInlineFilter->filter(Object(CFilterChain))
#5 /var/www/yii/framework/web/CController.php(291): CFilterChain->run()
#6 /var/www/yii/framework/web/CController.php(265): CController->runActionWithFilters(Object(CInlineAction), Array)
#7 /var/www/yii/framework/web/CWebApplication.php(282): CController->run('admin')
#8 /var/www/yii/framework/web/CWebApplication.php(141): CWebApplication->runController('jobs/admin')
#9 /var/www/yii/framework/base/CApplication.php(184): CWebApplication->processRequest()
#10 /var/www/html/index.php(13): CApplication->run()
#11 {main}
REQUEST_URI=/index.php?r=jobs/admin
HTTP_REFERER=http://localhost/index.php?r=jobs/index
---
2015/08/26 20:41:25 [error] [php] include(User.php): failed to open stream: No such file or directory (/var/www/yii/framework/YiiBase.php:432)
Stack trace:
#0 /var/www/html/protected/components/UserIdentity.php(24): spl_autoload_call()
#1 /var/www/html/protected/models/LoginForm.php(52): UserIdentity->authenticate()
#2 /var/www/yii/framework/validators/CInlineValidator.php(42): LoginForm->authenticate()
#3 /var/www/yii/framework/validators/CValidator.php(201): CInlineValidator->validateAttribute()
#4 /var/www/yii/framework/base/CModel.php(159): CInlineValidator->validate()
#5 /var/www/html/protected/controllers/SiteController.php(94): LoginForm->validate()
#6 /var/www/yii/framework/web/actions/CInlineAction.php(49): SiteController->actionLogin()
#7 /var/www/yii/framework/web/CController.php(308): CInlineAction->runWithParams()
#8 /var/www/yii/framework/web/CController.php(286): SiteController->runAction()
#9 /var/www/yii/framework/web/CController.php(265): SiteController->runActionWithFilters()
#10 /var/www/yii/framework/web/CWebApplication.php(282): SiteController->run()
#11 /var/www/yii/framework/web/CWebApplication.php(141): CWebApplication->runController()
#12 /var/www/yii/framework/base/CApplication.php(184): CWebApplication->processRequest()
#13 /var/www/html/index.php(13): CWebApplication->run()
REQUEST_URI=/index.php?r=site/login
in /var/www/html/protected/components/UserIdentity.php (24)
in /var/www/html/protected/models/LoginForm.php (52)
in /var/www/html/protected/controllers/SiteController.php (94)
2015/08/26 20:41:39 [error] [php] include(User.php): failed to open stream: No such file or directory (/var/www/yii/framework/YiiBase.php:432)
Stack trace:
#0 /var/www/html/protected/components/UserIdentity.php(24): spl_autoload_call()
#1 /var/www/html/protected/models/LoginForm.php(52): UserIdentity->authenticate()
#2 /var/www/yii/framework/validators/CInlineValidator.php(42): LoginForm->authenticate()
#3 /var/www/yii/framework/validators/CValidator.php(201): CInlineValidator->validateAttribute()
#4 /var/www/yii/framework/base/CModel.php(159): CInlineValidator->validate()
#5 /var/www/html/protected/controllers/SiteController.php(94): LoginForm->validate()
#6 /var/www/yii/framework/web/actions/CInlineAction.php(49): SiteController->actionLogin()
#7 /var/www/yii/framework/web/CController.php(308): CInlineAction->runWithParams()
#8 /var/www/yii/framework/web/CController.php(286): SiteController->runAction()
#9 /var/www/yii/framework/web/CController.php(265): SiteController->runActionWithFilters()
#10 /var/www/yii/framework/web/CWebApplication.php(282): SiteController->run()
#11 /var/www/yii/framework/web/CWebApplication.php(141): CWebApplication->runController()
#12 /var/www/yii/framework/base/CApplication.php(184): CWebApplication->processRequest()
#13 /var/www/html/index.php(13): CWebApplication->run()
REQUEST_URI=/index.php?r=site/login
in /var/www/html/protected/components/UserIdentity.php (24)
in /var/www/html/protected/models/LoginForm.php (52)
in /var/www/html/protected/controllers/SiteController.php (94)
2015/08/26 20:50:58 [error] [php] include(User.php): failed to open stream: No such file or directory (/var/www/yii/framework/YiiBase.php:432)
Stack trace:
#0 /var/www/html/protected/components/UserIdentity.php(24): spl_autoload_call()
#1 /var/www/html/protected/models/LoginForm.php(52): UserIdentity->authenticate()
#2 /var/www/yii/framework/validators/CInlineValidator.php(42): LoginForm->authenticate()
#3 /var/www/yii/framework/validators/CValidator.php(201): CInlineValidator->validateAttribute()
#4 /var/www/yii/framework/base/CModel.php(159): CInlineValidator->validate()
#5 /var/www/html/protected/controllers/SiteController.php(94): LoginForm->validate()
#6 /var/www/yii/framework/web/actions/CInlineAction.php(49): SiteController->actionLogin()
#7 /var/www/yii/framework/web/CController.php(308): CInlineAction->runWithParams()
#8 /var/www/yii/framework/web/CController.php(286): SiteController->runAction()
#9 /var/www/yii/framework/web/CController.php(265): SiteController->runActionWithFilters()
#10 /var/www/yii/framework/web/CWebApplication.php(282): SiteController->run()
#11 /var/www/yii/framework/web/CWebApplication.php(141): CWebApplication->runController()
#12 /var/www/yii/framework/base/CApplication.php(184): CWebApplication->processRequest()
#13 /var/www/html/index.php(13): CWebApplication->run()
REQUEST_URI=/index.php?r=site/login
in /var/www/html/protected/components/UserIdentity.php (24)
in /var/www/html/protected/models/LoginForm.php (52)
in /var/www/html/protected/controllers/SiteController.php (94)
2015/08/26 20:51:15 [error] [php] include(User.php): failed to open stream: No such file or directory (/var/www/yii/framework/YiiBase.php:432)
Stack trace:
#0 /var/www/html/protected/components/UserIdentity.php(24): spl_autoload_call()
#1 /var/www/html/protected/models/LoginForm.php(52): UserIdentity->authenticate()
#2 /var/www/yii/framework/validators/CInlineValidator.php(42): LoginForm->authenticate()
#3 /var/www/yii/framework/validators/CValidator.php(201): CInlineValidator->validateAttribute()
#4 /var/www/yii/framework/base/CModel.php(159): CInlineValidator->validate()
#5 /var/www/html/protected/controllers/SiteController.php(94): LoginForm->validate()
#6 /var/www/yii/framework/web/actions/CInlineAction.php(49): SiteController->actionLogin()
#7 /var/www/yii/framework/web/CController.php(308): CInlineAction->runWithParams()
#8 /var/www/yii/framework/web/CController.php(286): SiteController->runAction()
#9 /var/www/yii/framework/web/CController.php(265): SiteController->runActionWithFilters()
#10 /var/www/yii/framework/web/CWebApplication.php(282): SiteController->run()
#11 /var/www/yii/framework/web/CWebApplication.php(141): CWebApplication->runController()
#12 /var/www/yii/framework/base/CApplication.php(184): CWebApplication->processRequest()
#13 /var/www/html/index.php(13): CWebApplication->run()
REQUEST_URI=/index.php?r=site/login
in /var/www/html/protected/components/UserIdentity.php (24)
in /var/www/html/protected/models/LoginForm.php (52)
in /var/www/html/protected/controllers/SiteController.php (94)
2015/08/26 20:51:32 [error] [php] include(User.php): failed to open stream: No such file or directory (/var/www/yii/framework/YiiBase.php:432)
Stack trace:
#0 /var/www/html/protected/components/UserIdentity.php(24): spl_autoload_call()
#1 /var/www/html/protected/models/LoginForm.php(52): UserIdentity->authenticate()
#2 /var/www/yii/framework/validators/CInlineValidator.php(42): LoginForm->authenticate()
#3 /var/www/yii/framework/validators/CValidator.php(201): CInlineValidator->validateAttribute()
#4 /var/www/yii/framework/base/CModel.php(159): CInlineValidator->validate()
#5 /var/www/html/protected/controllers/SiteController.php(94): LoginForm->validate()
#6 /var/www/yii/framework/web/actions/CInlineAction.php(49): SiteController->actionLogin()
#7 /var/www/yii/framework/web/CController.php(308): CInlineAction->runWithParams()
#8 /var/www/yii/framework/web/CController.php(286): SiteController->runAction()
#9 /var/www/yii/framework/web/CController.php(265): SiteController->runActionWithFilters()
#10 /var/www/yii/framework/web/CWebApplication.php(282): SiteController->run()
#11 /var/www/yii/framework/web/CWebApplication.php(141): CWebApplication->runController()
#12 /var/www/yii/framework/base/CApplication.php(184): CWebApplication->processRequest()
#13 /var/www/html/index.php(13): CWebApplication->run()
REQUEST_URI=/index.php?r=site/login
in /var/www/html/protected/components/UserIdentity.php (24)
in /var/www/html/protected/models/LoginForm.php (52)
in /var/www/html/protected/controllers/SiteController.php (94)
2015/08/26 20:51:48 [error] [system.db.CDbCommand] CDbCommand::fetch() failed: SQLSTATE[42000]: Syntax error or access violation: 1305 FUNCTION sitter.lowercase does not exist. The SQL statement executed was: SELECT * FROM `users` `t` WHERE lowercase(username)=? LIMIT 1.
in /var/www/html/protected/components/UserIdentity.php (24)
in /var/www/html/protected/models/LoginForm.php (52)
in /var/www/html/protected/controllers/SiteController.php (94)
2015/08/26 20:51:48 [error] [exception.CDbException] exception 'CDbException' with message 'CDbCommand failed to execute the SQL statement: SQLSTATE[42000]: Syntax error or access violation: 1305 FUNCTION sitter.lowercase does not exist. The SQL statement executed was: SELECT * FROM `users` `t` WHERE lowercase(username)=? LIMIT 1' in /var/www/yii/framework/db/CDbCommand.php:543
Stack trace:
#0 /var/www/yii/framework/db/CDbCommand.php(415): CDbCommand->queryInternal('fetch', Array, Array)
#1 /var/www/yii/framework/db/ar/CActiveRecord.php(1356): CDbCommand->queryRow()
#2 /var/www/yii/framework/db/ar/CActiveRecord.php(1461): CActiveRecord->query(Object(CDbCriteria))
#3 /var/www/html/protected/components/UserIdentity.php(24): CActiveRecord->find('lowercase(usern...', 'admin')
#4 /var/www/html/protected/models/LoginForm.php(52): UserIdentity->authenticate()
#5 /var/www/yii/framework/validators/CInlineValidator.php(42): LoginForm->authenticate('password', Array)
#6 /var/www/yii/framework/validators/CValidator.php(201): CInlineValidator->validateAttribute(Object(LoginForm), 'password')
#7 /var/www/yii/framework/base/CModel.php(159): CValidator->validate(Object(LoginForm), NULL)
#8 /var/www/html/protected/controllers/SiteController.php(94): CModel->validate()
#9 /var/www/yii/framework/web/actions/CInlineAction.php(49): SiteController->actionLogin()
#10 /var/www/yii/framework/web/CController.php(308): CInlineAction->runWithParams(Array)
#11 /var/www/yii/framework/web/CController.php(286): CController->runAction(Object(CInlineAction))
#12 /var/www/yii/framework/web/CController.php(265): CController->runActionWithFilters(Object(CInlineAction), Array)
#13 /var/www/yii/framework/web/CWebApplication.php(282): CController->run('login')
#14 /var/www/yii/framework/web/CWebApplication.php(141): CWebApplication->runController('site/login')
#15 /var/www/yii/framework/base/CApplication.php(184): CWebApplication->processRequest()
#16 /var/www/html/index.php(13): CApplication->run()
#17 {main}
REQUEST_URI=/index.php?r=site/login
HTTP_REFERER=http://localhost/index.php?r=site/login
---
2015/08/26 20:53:53 [error] [system.db.CDbCommand] CDbCommand::fetch() failed: SQLSTATE[42000]: Syntax error or access violation: 1305 FUNCTION sitter.lowercase does not exist. The SQL statement executed was: SELECT * FROM `users` `t` WHERE lowercase(username)=? LIMIT 1.
in /var/www/html/protected/components/UserIdentity.php (24)
in /var/www/html/protected/models/LoginForm.php (52)
in /var/www/html/protected/controllers/SiteController.php (94)
2015/08/26 20:53:53 [error] [exception.CDbException] exception 'CDbException' with message 'CDbCommand failed to execute the SQL statement: SQLSTATE[42000]: Syntax error or access violation: 1305 FUNCTION sitter.lowercase does not exist. The SQL statement executed was: SELECT * FROM `users` `t` WHERE lowercase(username)=? LIMIT 1' in /var/www/yii/framework/db/CDbCommand.php:543
Stack trace:
#0 /var/www/yii/framework/db/CDbCommand.php(415): CDbCommand->queryInternal('fetch', Array, Array)
#1 /var/www/yii/framework/db/ar/CActiveRecord.php(1356): CDbCommand->queryRow()
#2 /var/www/yii/framework/db/ar/CActiveRecord.php(1461): CActiveRecord->query(Object(CDbCriteria))
#3 /var/www/html/protected/components/UserIdentity.php(24): CActiveRecord->find('lowercase(usern...', Array)
#4 /var/www/html/protected/models/LoginForm.php(52): UserIdentity->authenticate()
#5 /var/www/yii/framework/validators/CInlineValidator.php(42): LoginForm->authenticate('password', Array)
#6 /var/www/yii/framework/validators/CValidator.php(201): CInlineValidator->validateAttribute(Object(LoginForm), 'password')
#7 /var/www/yii/framework/base/CModel.php(159): CValidator->validate(Object(LoginForm), NULL)
#8 /var/www/html/protected/controllers/SiteController.php(94): CModel->validate()
#9 /var/www/yii/framework/web/actions/CInlineAction.php(49): SiteController->actionLogin()
#10 /var/www/yii/framework/web/CController.php(308): CInlineAction->runWithParams(Array)
#11 /var/www/yii/framework/web/CController.php(286): CController->runAction(Object(CInlineAction))
#12 /var/www/yii/framework/web/CController.php(265): CController->runActionWithFilters(Object(CInlineAction), Array)
#13 /var/www/yii/framework/web/CWebApplication.php(282): CController->run('login')
#14 /var/www/yii/framework/web/CWebApplication.php(141): CWebApplication->runController('site/login')
#15 /var/www/yii/framework/base/CApplication.php(184): CWebApplication->processRequest()
#16 /var/www/html/index.php(13): CApplication->run()
#17 {main}
REQUEST_URI=/index.php?r=site/login
HTTP_REFERER=http://localhost/index.php?r=site/login
---
2015/08/26 20:55:13 [error] [php] Use of undefined constant username - assumed 'username' (/var/www/html/protected/components/UserIdentity.php:34)
Stack trace:
#0 /var/www/yii/framework/validators/CValidator.php(201): CInlineValidator->validateAttribute()
#1 /var/www/yii/framework/base/CModel.php(159): CInlineValidator->validate()
#2 /var/www/html/protected/controllers/SiteController.php(94): LoginForm->validate()
#3 /var/www/yii/framework/web/actions/CInlineAction.php(49): SiteController->actionLogin()
#4 /var/www/yii/framework/web/CController.php(308): CInlineAction->runWithParams()
#5 /var/www/yii/framework/web/CController.php(286): SiteController->runAction()
#6 /var/www/yii/framework/web/CController.php(265): SiteController->runActionWithFilters()
#7 /var/www/yii/framework/web/CWebApplication.php(282): SiteController->run()
#8 /var/www/yii/framework/web/CWebApplication.php(141): CWebApplication->runController()
#9 /var/www/yii/framework/base/CApplication.php(184): CWebApplication->processRequest()
#10 /var/www/html/index.php(13): CWebApplication->run()
REQUEST_URI=/index.php?r=site/login
in /var/www/html/protected/components/UserIdentity.php (34)
in /var/www/html/protected/models/LoginForm.php (52)
in /var/www/html/protected/controllers/SiteController.php (94)
2015/08/26 20:55:51 [error] [php] Use of undefined constant username - assumed 'username' (/var/www/html/protected/components/UserIdentity.php:34)
Stack trace:
#0 /var/www/yii/framework/validators/CValidator.php(201): CInlineValidator->validateAttribute()
#1 /var/www/yii/framework/base/CModel.php(159): CInlineValidator->validate()
#2 /var/www/html/protected/controllers/SiteController.php(94): LoginForm->validate()
#3 /var/www/yii/framework/web/actions/CInlineAction.php(49): SiteController->actionLogin()
#4 /var/www/yii/framework/web/CController.php(308): CInlineAction->runWithParams()
#5 /var/www/yii/framework/web/CController.php(286): SiteController->runAction()
#6 /var/www/yii/framework/web/CController.php(265): SiteController->runActionWithFilters()
#7 /var/www/yii/framework/web/CWebApplication.php(282): SiteController->run()
#8 /var/www/yii/framework/web/CWebApplication.php(141): CWebApplication->runController()
#9 /var/www/yii/framework/base/CApplication.php(184): CWebApplication->processRequest()
#10 /var/www/html/index.php(13): CWebApplication->run()
REQUEST_URI=/index.php?r=site/login
in /var/www/html/protected/components/UserIdentity.php (34)
in /var/www/html/protected/models/LoginForm.php (52)
in /var/www/html/protected/controllers/SiteController.php (94)
2015/08/26 22:27:00 [error] [php] Undefined variable: users (/var/www/html/protected/views/users/_form.php:20)
Stack trace:
#0 /var/www/yii/framework/web/CController.php(869): UsersController->renderFile()
#1 /var/www/html/protected/views/users/create.php(18): UsersController->renderPartial()
#2 /var/www/yii/framework/web/CBaseController.php(126): require()
#3 /var/www/yii/framework/web/CBaseController.php(95): UsersController->renderInternal()
#4 /var/www/yii/framework/web/CController.php(869): UsersController->renderFile()
#5 /var/www/yii/framework/web/CController.php(782): UsersController->renderPartial()
#6 /var/www/html/protected/controllers/UsersController.php(79): UsersController->render()
#7 /var/www/yii/framework/web/actions/CInlineAction.php(49): UsersController->actionCreate()
#8 /var/www/yii/framework/web/CController.php(308): CInlineAction->runWithParams()
#9 /var/www/yii/framework/web/filters/CFilterChain.php(133): UsersController->runAction()
#10 /var/www/yii/framework/web/filters/CFilter.php(40): CFilterChain->run()
#11 /var/www/yii/framework/web/CController.php(1145): CAccessControlFilter->filter()
#12 /var/www/yii/framework/web/filters/CInlineFilter.php(58): UsersController->filterAccessControl()
#13 /var/www/yii/framework/web/filters/CFilterChain.php(130): CInlineFilter->filter()
#14 /var/www/yii/framework/web/CController.php(291): CFilterChain->run()
#15 /var/www/yii/framework/web/CController.php(265): UsersController->runActionWithFilters()
#16 /var/www/yii/framework/web/CWebApplication.php(282): UsersController->run()
#17 /var/www/yii/framework/web/CWebApplication.php(141): CWebApplication->runController()
#18 /var/www/yii/framework/base/CApplication.php(184): CWebApplication->processRequest()
#19 /var/www/html/index.php(13): CWebApplication->run()
REQUEST_URI=/index.php?r=users/create
in /var/www/html/protected/views/users/_form.php (20)
in /var/www/html/protected/views/users/create.php (18)
in /var/www/html/protected/controllers/UsersController.php (79)
2015/08/26 22:28:10 [error] [exception.CException] exception 'CException' with message 'Property "Users.password_repeat" is not defined.' in /var/www/yii/framework/base/CComponent.php:130
Stack trace:
#0 /var/www/yii/framework/db/ar/CActiveRecord.php(145): CComponent->__get('password_repeat')
#1 /var/www/yii/framework/web/helpers/CHtml.php(2728): CActiveRecord->__get('password_repeat')
#2 /var/www/yii/framework/web/helpers/CHtml.php(2451): CHtml::resolveValue(Object(Users), 'password_repeat')
#3 /var/www/yii/framework/web/helpers/CHtml.php(1807): CHtml::activeInputField('password', Object(Users), 'password_repeat', Array)
#4 /var/www/yii/framework/web/widgets/CActiveForm.php(838): CHtml::activePasswordField(Object(Users), 'password_repeat', Array)
#5 /var/www/html/protected/views/users/_form.php(36): CActiveForm->passwordField(Object(Users), 'password_repeat', Array)
#6 /var/www/yii/framework/web/CBaseController.php(126): require('/var/www/html/p...')
#7 /var/www/yii/framework/web/CBaseController.php(95): CBaseController->renderInternal('/var/www/html/p...', Array, true)
#8 /var/www/yii/framework/web/CController.php(869): CBaseController->renderFile('/var/www/html/p...', Array, true)
#9 /var/www/html/protected/views/users/create.php(18): CController->renderPartial('_form', Array)
#10 /var/www/yii/framework/web/CBaseController.php(126): require('/var/www/html/p...')
#11 /var/www/yii/framework/web/CBaseController.php(95): CBaseController->renderInternal('/var/www/html/p...', Array, true)
#12 /var/www/yii/framework/web/CController.php(869): CBaseController->renderFile('/var/www/html/p...', Array, true)
#13 /var/www/yii/framework/web/CController.php(782): CController->renderPartial('create', Array, true)
#14 /var/www/html/protected/controllers/UsersController.php(79): CController->render('create', Array)
#15 /var/www/yii/framework/web/actions/CInlineAction.php(49): UsersController->actionCreate()
#16 /var/www/yii/framework/web/CController.php(308): CInlineAction->runWithParams(Array)
#17 /var/www/yii/framework/web/filters/CFilterChain.php(133): CController->runAction(Object(CInlineAction))
#18 /var/www/yii/framework/web/filters/CFilter.php(40): CFilterChain->run()
#19 /var/www/yii/framework/web/CController.php(1145): CFilter->filter(Object(CFilterChain))
#20 /var/www/yii/framework/web/filters/CInlineFilter.php(58): CController->filterAccessControl(Object(CFilterChain))
#21 /var/www/yii/framework/web/filters/CFilterChain.php(130): CInlineFilter->filter(Object(CFilterChain))
#22 /var/www/yii/framework/web/CController.php(291): CFilterChain->run()
#23 /var/www/yii/framework/web/CController.php(265): CController->runActionWithFilters(Object(CInlineAction), Array)
#24 /var/www/yii/framework/web/CWebApplication.php(282): CController->run('create')
#25 /var/www/yii/framework/web/CWebApplication.php(141): CWebApplication->runController('users/create')
#26 /var/www/yii/framework/base/CApplication.php(184): CWebApplication->processRequest()
#27 /var/www/html/index.php(13): CApplication->run()
#28 {main}
REQUEST_URI=/index.php?r=users/create
HTTP_REFERER=http://localhost/index.php?r=users/index
---
2015/08/26 22:57:36 [error] [exception.CHttpException.403] exception 'CHttpException' with message 'You are not authorized to perform this action.' in /var/www/yii/framework/web/auth/CAccessControlFilter.php:182
Stack trace:
#0 /var/www/yii/framework/web/auth/CAccessControlFilter.php(145): CAccessControlFilter->accessDenied(Object(CWebUser), 'You are not aut...')
#1 /var/www/yii/framework/web/filters/CFilter.php(38): CAccessControlFilter->preFilter(Object(CFilterChain))
#2 /var/www/yii/framework/web/CController.php(1145): CFilter->filter(Object(CFilterChain))
#3 /var/www/yii/framework/web/filters/CInlineFilter.php(58): CController->filterAccessControl(Object(CFilterChain))
#4 /var/www/yii/framework/web/filters/CFilterChain.php(130): CInlineFilter->filter(Object(CFilterChain))
#5 /var/www/yii/framework/web/CController.php(291): CFilterChain->run()
#6 /var/www/yii/framework/web/CController.php(265): CController->runActionWithFilters(Object(CInlineAction), Array)
#7 /var/www/yii/framework/web/CWebApplication.php(282): CController->run('register')
#8 /var/www/yii/framework/web/CWebApplication.php(141): CWebApplication->runController('users/register')
#9 /var/www/yii/framework/base/CApplication.php(184): CWebApplication->processRequest()
#10 /var/www/html/index.php(13): CApplication->run()
#11 {main}
REQUEST_URI=/index.php?r=users/register
---
2015/08/26 22:57:43 [error] [exception.CHttpException.403] exception 'CHttpException' with message 'You are not authorized to perform this action.' in /var/www/yii/framework/web/auth/CAccessControlFilter.php:182
Stack trace:
#0 /var/www/yii/framework/web/auth/CAccessControlFilter.php(145): CAccessControlFilter->accessDenied(Object(CWebUser), 'You are not aut...')
#1 /var/www/yii/framework/web/filters/CFilter.php(38): CAccessControlFilter->preFilter(Object(CFilterChain))
#2 /var/www/yii/framework/web/CController.php(1145): CFilter->filter(Object(CFilterChain))
#3 /var/www/yii/framework/web/filters/CInlineFilter.php(58): CController->filterAccessControl(Object(CFilterChain))
#4 /var/www/yii/framework/web/filters/CFilterChain.php(130): CInlineFilter->filter(Object(CFilterChain))
#5 /var/www/yii/framework/web/CController.php(291): CFilterChain->run()
#6 /var/www/yii/framework/web/CController.php(265): CController->runActionWithFilters(Object(CInlineAction), Array)
#7 /var/www/yii/framework/web/CWebApplication.php(282): CController->run('register')
#8 /var/www/yii/framework/web/CWebApplication.php(141): CWebApplication->runController('users/register')
#9 /var/www/yii/framework/base/CApplication.php(184): CWebApplication->processRequest()
#10 /var/www/html/index.php(13): CApplication->run()
#11 {main}
REQUEST_URI=/index.php?r=users/register
---
2015/08/26 22:59:17 [error] [exception.CHttpException.403] exception 'CHttpException' with message 'You are not authorized to perform this action.' in /var/www/yii/framework/web/auth/CAccessControlFilter.php:182
Stack trace:
#0 /var/www/yii/framework/web/auth/CAccessControlFilter.php(145): CAccessControlFilter->accessDenied(Object(CWebUser), 'You are not aut...')
#1 /var/www/yii/framework/web/filters/CFilter.php(38): CAccessControlFilter->preFilter(Object(CFilterChain))
#2 /var/www/yii/framework/web/CController.php(1145): CFilter->filter(Object(CFilterChain))
#3 /var/www/yii/framework/web/filters/CInlineFilter.php(58): CController->filterAccessControl(Object(CFilterChain))
#4 /var/www/yii/framework/web/filters/CFilterChain.php(130): CInlineFilter->filter(Object(CFilterChain))
#5 /var/www/yii/framework/web/CController.php(291): CFilterChain->run()
#6 /var/www/yii/framework/web/CController.php(265): CController->runActionWithFilters(Object(CInlineAction), Array)
#7 /var/www/yii/framework/web/CWebApplication.php(282): CController->run('register')
#8 /var/www/yii/framework/web/CWebApplication.php(141): CWebApplication->runController('users/register')
#9 /var/www/yii/framework/base/CApplication.php(184): CWebApplication->processRequest()
#10 /var/www/html/index.php(13): CApplication->run()
#11 {main}
REQUEST_URI=/index.php?r=users/register
---
2015/08/26 22:59:18 [error] [exception.CHttpException.403] exception 'CHttpException' with message 'You are not authorized to perform this action.' in /var/www/yii/framework/web/auth/CAccessControlFilter.php:182
Stack trace:
#0 /var/www/yii/framework/web/auth/CAccessControlFilter.php(145): CAccessControlFilter->accessDenied(Object(CWebUser), 'You are not aut...')
#1 /var/www/yii/framework/web/filters/CFilter.php(38): CAccessControlFilter->preFilter(Object(CFilterChain))
#2 /var/www/yii/framework/web/CController.php(1145): CFilter->filter(Object(CFilterChain))
#3 /var/www/yii/framework/web/filters/CInlineFilter.php(58): CController->filterAccessControl(Object(CFilterChain))
#4 /var/www/yii/framework/web/filters/CFilterChain.php(130): CInlineFilter->filter(Object(CFilterChain))
#5 /var/www/yii/framework/web/CController.php(291): CFilterChain->run()
#6 /var/www/yii/framework/web/CController.php(265): CController->runActionWithFilters(Object(CInlineAction), Array)
#7 /var/www/yii/framework/web/CWebApplication.php(282): CController->run('register')
#8 /var/www/yii/framework/web/CWebApplication.php(141): CWebApplication->runController('users/register')
#9 /var/www/yii/framework/base/CApplication.php(184): CWebApplication->processRequest()
#10 /var/www/html/index.php(13): CApplication->run()
#11 {main}
REQUEST_URI=/index.php?r=users/register
---
2015/08/26 22:59:18 [error] [exception.CHttpException.403] exception 'CHttpException' with message 'You are not authorized to perform this action.' in /var/www/yii/framework/web/auth/CAccessControlFilter.php:182
Stack trace:
#0 /var/www/yii/framework/web/auth/CAccessControlFilter.php(145): CAccessControlFilter->accessDenied(Object(CWebUser), 'You are not aut...')
#1 /var/www/yii/framework/web/filters/CFilter.php(38): CAccessControlFilter->preFilter(Object(CFilterChain))
#2 /var/www/yii/framework/web/CController.php(1145): CFilter->filter(Object(CFilterChain))
#3 /var/www/yii/framework/web/filters/CInlineFilter.php(58): CController->filterAccessControl(Object(CFilterChain))
#4 /var/www/yii/framework/web/filters/CFilterChain.php(130): CInlineFilter->filter(Object(CFilterChain))
#5 /var/www/yii/framework/web/CController.php(291): CFilterChain->run()
#6 /var/www/yii/framework/web/CController.php(265): CController->runActionWithFilters(Object(CInlineAction), Array)
#7 /var/www/yii/framework/web/CWebApplication.php(282): CController->run('register')
#8 /var/www/yii/framework/web/CWebApplication.php(141): CWebApplication->runController('users/register')
#9 /var/www/yii/framework/base/CApplication.php(184): CWebApplication->processRequest()
#10 /var/www/html/index.php(13): CApplication->run()
#11 {main}
REQUEST_URI=/index.php?r=users/register
---
2015/08/26 22:59:18 [error] [exception.CHttpException.403] exception 'CHttpException' with message 'You are not authorized to perform this action.' in /var/www/yii/framework/web/auth/CAccessControlFilter.php:182
Stack trace:
#0 /var/www/yii/framework/web/auth/CAccessControlFilter.php(145): CAccessControlFilter->accessDenied(Object(CWebUser), 'You are not aut...')
#1 /var/www/yii/framework/web/filters/CFilter.php(38): CAccessControlFilter->preFilter(Object(CFilterChain))
#2 /var/www/yii/framework/web/CController.php(1145): CFilter->filter(Object(CFilterChain))
#3 /var/www/yii/framework/web/filters/CInlineFilter.php(58): CController->filterAccessControl(Object(CFilterChain))
#4 /var/www/yii/framework/web/filters/CFilterChain.php(130): CInlineFilter->filter(Object(CFilterChain))
#5 /var/www/yii/framework/web/CController.php(291): CFilterChain->run()
#6 /var/www/yii/framework/web/CController.php(265): CController->runActionWithFilters(Object(CInlineAction), Array)
#7 /var/www/yii/framework/web/CWebApplication.php(282): CController->run('register')
#8 /var/www/yii/framework/web/CWebApplication.php(141): CWebApplication->runController('users/register')
#9 /var/www/yii/framework/base/CApplication.php(184): CWebApplication->processRequest()
#10 /var/www/html/index.php(13): CApplication->run()
#11 {main}
REQUEST_URI=/index.php?r=users/register
---
2015/08/26 22:59:18 [error] [exception.CHttpException.403] exception 'CHttpException' with message 'You are not authorized to perform this action.' in /var/www/yii/framework/web/auth/CAccessControlFilter.php:182
Stack trace:
#0 /var/www/yii/framework/web/auth/CAccessControlFilter.php(145): CAccessControlFilter->accessDenied(Object(CWebUser), 'You are not aut...')
#1 /var/www/yii/framework/web/filters/CFilter.php(38): CAccessControlFilter->preFilter(Object(CFilterChain))
#2 /var/www/yii/framework/web/CController.php(1145): CFilter->filter(Object(CFilterChain))
#3 /var/www/yii/framework/web/filters/CInlineFilter.php(58): CController->filterAccessControl(Object(CFilterChain))
#4 /var/www/yii/framework/web/filters/CFilterChain.php(130): CInlineFilter->filter(Object(CFilterChain))
#5 /var/www/yii/framework/web/CController.php(291): CFilterChain->run()
#6 /var/www/yii/framework/web/CController.php(265): CController->runActionWithFilters(Object(CInlineAction), Array)
#7 /var/www/yii/framework/web/CWebApplication.php(282): CController->run('register')
#8 /var/www/yii/framework/web/CWebApplication.php(141): CWebApplication->runController('users/register')
#9 /var/www/yii/framework/base/CApplication.php(184): CWebApplication->processRequest()
#10 /var/www/html/index.php(13): CApplication->run()
#11 {main}
REQUEST_URI=/index.php?r=users/register
---
2015/08/26 22:59:19 [error] [exception.CHttpException.403] exception 'CHttpException' with message 'You are not authorized to perform this action.' in /var/www/yii/framework/web/auth/CAccessControlFilter.php:182
Stack trace:
#0 /var/www/yii/framework/web/auth/CAccessControlFilter.php(145): CAccessControlFilter->accessDenied(Object(CWebUser), 'You are not aut...')
#1 /var/www/yii/framework/web/filters/CFilter.php(38): CAccessControlFilter->preFilter(Object(CFilterChain))
#2 /var/www/yii/framework/web/CController.php(1145): CFilter->filter(Object(CFilterChain))
#3 /var/www/yii/framework/web/filters/CInlineFilter.php(58): CController->filterAccessControl(Object(CFilterChain))
#4 /var/www/yii/framework/web/filters/CFilterChain.php(130): CInlineFilter->filter(Object(CFilterChain))
#5 /var/www/yii/framework/web/CController.php(291): CFilterChain->run()
#6 /var/www/yii/framework/web/CController.php(265): CController->runActionWithFilters(Object(CInlineAction), Array)
#7 /var/www/yii/framework/web/CWebApplication.php(282): CController->run('register')
#8 /var/www/yii/framework/web/CWebApplication.php(141): CWebApplication->runController('users/register')
#9 /var/www/yii/framework/base/CApplication.php(184): CWebApplication->processRequest()
#10 /var/www/html/index.php(13): CApplication->run()
#11 {main}
REQUEST_URI=/index.php?r=users/register
---
2015/08/26 22:59:19 [error] [exception.CHttpException.403] exception 'CHttpException' with message 'You are not authorized to perform this action.' in /var/www/yii/framework/web/auth/CAccessControlFilter.php:182
Stack trace:
#0 /var/www/yii/framework/web/auth/CAccessControlFilter.php(145): CAccessControlFilter->accessDenied(Object(CWebUser), 'You are not aut...')
#1 /var/www/yii/framework/web/filters/CFilter.php(38): CAccessControlFilter->preFilter(Object(CFilterChain))
#2 /var/www/yii/framework/web/CController.php(1145): CFilter->filter(Object(CFilterChain))
#3 /var/www/yii/framework/web/filters/CInlineFilter.php(58): CController->filterAccessControl(Object(CFilterChain))
#4 /var/www/yii/framework/web/filters/CFilterChain.php(130): CInlineFilter->filter(Object(CFilterChain))
#5 /var/www/yii/framework/web/CController.php(291): CFilterChain->run()
#6 /var/www/yii/framework/web/CController.php(265): CController->runActionWithFilters(Object(CInlineAction), Array)
#7 /var/www/yii/framework/web/CWebApplication.php(282): CController->run('register')
#8 /var/www/yii/framework/web/CWebApplication.php(141): CWebApplication->runController('users/register')
#9 /var/www/yii/framework/base/CApplication.php(184): CWebApplication->processRequest()
#10 /var/www/html/index.php(13): CApplication->run()
#11 {main}
REQUEST_URI=/index.php?r=users/register
---
2015/08/26 23:01:42 [error] [exception.CHttpException.403] exception 'CHttpException' with message 'You are not authorized to perform this action.' in /var/www/yii/framework/web/auth/CAccessControlFilter.php:182
Stack trace:
#0 /var/www/yii/framework/web/auth/CAccessControlFilter.php(145): CAccessControlFilter->accessDenied(Object(CWebUser), 'You are not aut...')
#1 /var/www/yii/framework/web/filters/CFilter.php(38): CAccessControlFilter->preFilter(Object(CFilterChain))
#2 /var/www/yii/framework/web/CController.php(1145): CFilter->filter(Object(CFilterChain))
#3 /var/www/yii/framework/web/filters/CInlineFilter.php(58): CController->filterAccessControl(Object(CFilterChain))
#4 /var/www/yii/framework/web/filters/CFilterChain.php(130): CInlineFilter->filter(Object(CFilterChain))
#5 /var/www/yii/framework/web/CController.php(291): CFilterChain->run()
#6 /var/www/yii/framework/web/CController.php(265): CController->runActionWithFilters(Object(CInlineAction), Array)
#7 /var/www/yii/framework/web/CWebApplication.php(282): CController->run('register')
#8 /var/www/yii/framework/web/CWebApplication.php(141): CWebApplication->runController('users/register')
#9 /var/www/yii/framework/base/CApplication.php(184): CWebApplication->processRequest()
#10 /var/www/html/index.php(13): CApplication->run()
#11 {main}
REQUEST_URI=/index.php?r=users/register
---
2015/08/26 23:12:23 [warning] [application] Failed to set unsafe attribute "password_repeat" of "Users".
in /var/www/html/protected/controllers/RegisterationController.php (72)
in /var/www/html/index.php (13)
2015/08/26 23:12:32 [warning] [application] Failed to set unsafe attribute "password_repeat" of "Users".
in /var/www/html/protected/controllers/RegisterationController.php (72)
in /var/www/html/index.php (13)
2015/08/26 23:12:43 [warning] [application] Failed to set unsafe attribute "password_repeat" of "Users".
in /var/www/html/protected/controllers/RegisterationController.php (72)
in /var/www/html/index.php (13)
2015/08/26 23:12:57 [warning] [application] Failed to set unsafe attribute "password_repeat" of "Users".
in /var/www/html/protected/controllers/RegisterationController.php (72)
in /var/www/html/index.php (13)
2015/08/26 23:17:17 [warning] [application] Failed to set unsafe attribute "password_repeat" of "Users".
in /var/www/html/protected/controllers/UsersController.php (95)
in /var/www/html/index.php (13)
2015/08/26 23:17:36 [warning] [application] Failed to set unsafe attribute "password_repeat" of "Users".
in /var/www/html/protected/controllers/UsersController.php (95)
in /var/www/html/index.php (13)
2015/08/26 23:17:46 [warning] [application] Failed to set unsafe attribute "password_repeat" of "Users".
in /var/www/html/protected/controllers/UsersController.php (95)
in /var/www/html/index.php (13)
2015/08/26 23:22:25 [warning] [application] Failed to set unsafe attribute "password_repeat" of "Users".
in /var/www/html/protected/controllers/UsersController.php (95)
in /var/www/html/index.php (13)
2015/08/26 23:23:03 [error] [exception.CHttpException.403] exception 'CHttpException' with message 'You are not authorized to perform this action.' in /var/www/yii/framework/web/auth/CAccessControlFilter.php:182
Stack trace:
#0 /var/www/yii/framework/web/auth/CAccessControlFilter.php(145): CAccessControlFilter->accessDenied(Object(CWebUser), 'You are not aut...')
#1 /var/www/yii/framework/web/filters/CFilter.php(38): CAccessControlFilter->preFilter(Object(CFilterChain))
#2 /var/www/yii/framework/web/CController.php(1145): CFilter->filter(Object(CFilterChain))
#3 /var/www/yii/framework/web/filters/CInlineFilter.php(58): CController->filterAccessControl(Object(CFilterChain))
#4 /var/www/yii/framework/web/filters/CFilterChain.php(130): CInlineFilter->filter(Object(CFilterChain))
#5 /var/www/yii/framework/web/CController.php(291): CFilterChain->run()
#6 /var/www/yii/framework/web/CController.php(265): CController->runActionWithFilters(Object(CInlineAction), Array)
#7 /var/www/yii/framework/web/CWebApplication.php(282): CController->run('admin')
#8 /var/www/yii/framework/web/CWebApplication.php(141): CWebApplication->runController('users/admin')
#9 /var/www/yii/framework/base/CApplication.php(184): CWebApplication->processRequest()
#10 /var/www/html/index.php(13): CApplication->run()
#11 {main}
REQUEST_URI=/index.php?r=users/admin
HTTP_REFERER=http://localhost/index.php?r=users/view&id=5
---
2015/08/26 23:23:24 [error] [exception.CHttpException.400] exception 'CHttpException' with message 'Your request is invalid.' in /var/www/yii/framework/web/CController.php:336
Stack trace:
#0 /var/www/yii/framework/web/CController.php(309): CController->invalidActionParams(Object(CInlineAction))
#1 /var/www/yii/framework/web/filters/CFilterChain.php(133): CController->runAction(Object(CInlineAction))
#2 /var/www/yii/framework/web/filters/CFilter.php(40): CFilterChain->run()
#3 /var/www/yii/framework/web/CController.php(1145): CFilter->filter(Object(CFilterChain))
#4 /var/www/yii/framework/web/filters/CInlineFilter.php(58): CController->filterAccessControl(Object(CFilterChain))
#5 /var/www/yii/framework/web/filters/CFilterChain.php(130): CInlineFilter->filter(Object(CFilterChain))
#6 /var/www/yii/framework/web/CController.php(291): CFilterChain->run()
#7 /var/www/yii/framework/web/CController.php(265): CController->runActionWithFilters(Object(CInlineAction), Array)
#8 /var/www/yii/framework/web/CWebApplication.php(282): CController->run('view')
#9 /var/www/yii/framework/web/CWebApplication.php(141): CWebApplication->runController('users/view')
#10 /var/www/yii/framework/base/CApplication.php(184): CWebApplication->processRequest()
#11 /var/www/html/index.php(13): CApplication->run()
#12 {main}
REQUEST_URI=/index.php?r=users/view
---
2015/08/26 23:25:59 [warning] [application] Failed to set unsafe attribute "password_repeat" of "Users".
in /var/www/html/protected/controllers/UsersController.php (95)
in /var/www/html/index.php (13)
2015/08/26 23:45:12 [warning] [application] Failed to set unsafe attribute "password_repeat" of "Users".
in /var/www/html/protected/controllers/UsersController.php (95)
in /var/www/html/index.php (13)
2015/08/26 23:48:06 [error] [exception.CHttpException.400] exception 'CHttpException' with message 'Your request is invalid.' in /var/www/yii/framework/web/CController.php:336
Stack trace:
#0 /var/www/yii/framework/web/CController.php(309): CController->invalidActionParams(Object(CInlineAction))
#1 /var/www/yii/framework/web/filters/CFilterChain.php(133): CController->runAction(Object(CInlineAction))
#2 /var/www/yii/framework/web/filters/CFilter.php(40): CFilterChain->run()
#3 /var/www/yii/framework/web/CController.php(1145): CFilter->filter(Object(CFilterChain))
#4 /var/www/yii/framework/web/filters/CInlineFilter.php(58): CController->filterAccessControl(Object(CFilterChain))
#5 /var/www/yii/framework/web/filters/CFilterChain.php(130): CInlineFilter->filter(Object(CFilterChain))
#6 /var/www/yii/framework/web/CController.php(291): CFilterChain->run()
#7 /var/www/yii/framework/web/CController.php(265): CController->runActionWithFilters(Object(CInlineAction), Array)
#8 /var/www/yii/framework/web/CWebApplication.php(282): CController->run('view')
#9 /var/www/yii/framework/web/CWebApplication.php(141): CWebApplication->runController('jobs/view')
#10 /var/www/yii/framework/base/CApplication.php(184): CWebApplication->processRequest()
#11 /var/www/html/index.php(13): CApplication->run()
#12 {main}
REQUEST_URI=/index.php?r=jobs/view
---
2015/08/27 21:43:19 [error] [php] include_once(/var/www/html/protected/models../helpers/EncryptionHelper.php): failed to open stream: No such file or directory (/var/www/html/protected/models/Users.php:105)
Stack trace:
#0 /var/www/yii/framework/db/ar/CActiveRecord.php(809): Users->insert()
#1 /var/www/html/protected/controllers/UsersController.php(96): Users->save()
#2 /var/www/yii/framework/web/actions/CInlineAction.php(49): UsersController->actionRegister()
#3 /var/www/yii/framework/web/CController.php(308): CInlineAction->runWithParams()
#4 /var/www/yii/framework/web/filters/CFilterChain.php(133): UsersController->runAction()
#5 /var/www/yii/framework/web/filters/CFilter.php(40): CFilterChain->run()
#6 /var/www/yii/framework/web/CController.php(1145): CAccessControlFilter->filter()
#7 /var/www/yii/framework/web/filters/CInlineFilter.php(58): UsersController->filterAccessControl()
#8 /var/www/yii/framework/web/filters/CFilterChain.php(130): CInlineFilter->filter()
#9 /var/www/yii/framework/web/CController.php(291): CFilterChain->run()
#10 /var/www/yii/framework/web/CController.php(265): UsersController->runActionWithFilters()
#11 /var/www/yii/framework/web/CWebApplication.php(282): UsersController->run()
#12 /var/www/yii/framework/web/CWebApplication.php(141): CWebApplication->runController()
#13 /var/www/yii/framework/base/CApplication.php(184): CWebApplication->processRequest()
#14 /var/www/html/index.php(13): CWebApplication->run()
REQUEST_URI=/index.php?r=users/register
in /var/www/html/protected/models/Users.php (105)
in /var/www/html/protected/models/Users.php (105)
in /var/www/html/protected/controllers/UsersController.php (96)
2015/08/27 22:46:07 [error] [exception.CException] exception 'CException' with message 'Users and its behaviors do not have a method or closure named "validatePassword".' in /var/www/yii/framework/base/CComponent.php:266
Stack trace:
#0 /var/www/yii/framework/db/ar/CActiveRecord.php(227): CComponent->__call('validatePasswor...', Array)
#1 /var/www/html/protected/components/UserIdentity.php(28): CActiveRecord->__call('validatePasswor...', Array)
#2 /var/www/html/protected/components/UserIdentity.php(28): Users->validatePassword('admin99')
#3 /var/www/html/protected/models/LoginForm.php(52): UserIdentity->authenticate()
#4 /var/www/yii/framework/validators/CInlineValidator.php(42): LoginForm->authenticate('password', Array)
#5 /var/www/yii/framework/validators/CValidator.php(201): CInlineValidator->validateAttribute(Object(LoginForm), 'password')
#6 /var/www/yii/framework/base/CModel.php(159): CValidator->validate(Object(LoginForm), NULL)
#7 /var/www/html/protected/controllers/SiteController.php(94): CModel->validate()
#8 /var/www/yii/framework/web/actions/CInlineAction.php(49): SiteController->actionLogin()
#9 /var/www/yii/framework/web/CController.php(308): CInlineAction->runWithParams(Array)
#10 /var/www/yii/framework/web/CController.php(286): CController->runAction(Object(CInlineAction))
#11 /var/www/yii/framework/web/CController.php(265): CController->runActionWithFilters(Object(CInlineAction), Array)
#12 /var/www/yii/framework/web/CWebApplication.php(282): CController->run('login')
#13 /var/www/yii/framework/web/CWebApplication.php(141): CWebApplication->runController('site/login')
#14 /var/www/yii/framework/base/CApplication.php(184): CWebApplication->processRequest()
#15 /var/www/html/index.php(13): CApplication->run()
#16 {main}
REQUEST_URI=/index.php?r=site/login
HTTP_REFERER=http://localhost/index.php?r=site/login
---
2015/08/27 22:48:22 [error] [php] include(usertypes.php): failed to open stream: No such file or directory (/var/www/yii/framework/YiiBase.php:432)
Stack trace:
#0 /var/www/yii/framework/db/ar/CActiveRecord.php(395): spl_autoload_call()
#1 /var/www/yii/framework/db/ar/CActiveRecord.php(614): model()
#2 /var/www/yii/framework/zii/widgets/CDetailView.php(206): Users->getAttributeLabel()
#3 /var/www/yii/framework/web/CBaseController.php(181): CDetailView->run()
#4 /var/www/html/protected/views/users/view.php(43): UsersController->widget()
#5 /var/www/yii/framework/web/CBaseController.php(126): require()
#6 /var/www/yii/framework/web/CBaseController.php(95): UsersController->renderInternal()
#7 /var/www/yii/framework/web/CController.php(869): UsersController->renderFile()
#8 /var/www/yii/framework/web/CController.php(782): UsersController->renderPartial()
#9 /var/www/html/protected/controllers/UsersController.php(56): UsersController->render()
#10 unknown(0): UsersController->actionView()
#11 /var/www/yii/framework/web/actions/CAction.php(109): ReflectionMethod->invokeArgs()
#12 /var/www/yii/framework/web/actions/CInlineAction.php(47): CInlineAction->runWithParamsInternal()
#13 /var/www/yii/framework/web/CController.php(308): CInlineAction->runWithParams()
#14 /var/www/yii/framework/web/filters/CFilterChain.php(133): UsersController->runAction()
#15 /var/www/yii/framework/web/filters/CFilter.php(40): CFilterChain->run()
#16 /var/www/yii/framework/web/CController.php(1145): CAccessControlFilter->filter()
#17 /var/www/yii/framework/web/filters/CInlineFilter.php(58): UsersController->filterAccessControl()
#18 /var/www/yii/framework/web/filters/CFilterChain.php(130): CInlineFilter->filter()
#19 /var/www/yii/framework/web/CController.php(291): CFilterChain->run()
#20 /var/www/yii/framework/web/CController.php(265): UsersController->runActionWithFilters()
#21 /var/www/yii/framework/web/CWebApplication.php(282): UsersController->run()
#22 /var/www/yii/framework/web/CWebApplication.php(141): CWebApplication->runController()
#23 /var/www/yii/framework/base/CApplication.php(184): CWebApplication->processRequest()
#24 /var/www/html/index.php(13): CWebApplication->run()
REQUEST_URI=/index.php?r=users/view&id=5
in /var/www/html/protected/views/users/view.php (43)
in /var/www/html/protected/controllers/UsersController.php (56)
in /var/www/html/index.php (13)
2015/08/30 11:10:43 [error] [exception.CHttpException.404] exception 'CHttpException' with message 'The system is unable to find the requested action "insex".' in /var/www/yii/framework/web/CController.php:483
Stack trace:
#0 /var/www/yii/framework/web/CController.php(270): CController->missingAction('insex')
#1 /var/www/yii/framework/web/CWebApplication.php(282): CController->run('insex')
#2 /var/www/yii/framework/web/CWebApplication.php(141): CWebApplication->runController('users/insex')
#3 /var/www/yii/framework/base/CApplication.php(184): CWebApplication->processRequest()
#4 /var/www/html/index.php(13): CApplication->run()
#5 {main}
REQUEST_URI=/index.php?r=users/insex
HTTP_REFERER=http://localhost/index.php?r=jobs/create
---
2015/08/30 11:11:01 [error] [exception.CHttpException.404] exception 'CHttpException' with message 'The system is unable to find the requested action "insex".' in /var/www/yii/framework/web/CController.php:483
Stack trace:
#0 /var/www/yii/framework/web/CController.php(270): CController->missingAction('insex')
#1 /var/www/yii/framework/web/CWebApplication.php(282): CController->run('insex')
#2 /var/www/yii/framework/web/CWebApplication.php(141): CWebApplication->runController('users/insex')
#3 /var/www/yii/framework/base/CApplication.php(184): CWebApplication->processRequest()
#4 /var/www/html/index.php(13): CApplication->run()
#5 {main}
REQUEST_URI=/index.php?r=users/insex
---
2015/08/30 11:11:04 [error] [exception.CHttpException.404] exception 'CHttpException' with message 'The system is unable to find the requested action "insex".' in /var/www/yii/framework/web/CController.php:483
Stack trace:
#0 /var/www/yii/framework/web/CController.php(270): CController->missingAction('insex')
#1 /var/www/yii/framework/web/CWebApplication.php(282): CController->run('insex')
#2 /var/www/yii/framework/web/CWebApplication.php(141): CWebApplication->runController('users/insex')
#3 /var/www/yii/framework/base/CApplication.php(184): CWebApplication->processRequest()
#4 /var/www/html/index.php(13): CApplication->run()
#5 {main}
REQUEST_URI=/index.php?r=users/insex
---
